<?xml version="1.0" encoding="UTF-8"?>
<!-- Generated by org.testng.reporters.JUnitXMLReporter -->
<testsuite ignored="0" hostname="DESKTOP-HKQFLEQ" failures="3" tests="6" name="Test" time="0.101" errors="0" timestamp="2021-12-09T21:20:38 IST">
  <testcase classname="FirstDemo" name="test1" time="0.008"/>
  <testcase classname="FirstDemo" name="test2" time="0.003"/>
  <testcase classname="FirstDemo" name="test3" time="0.005">
    <failure type="java.lang.AssertionError" message="expected [true] but found [false]">
      <![CDATA[java.lang.AssertionError: expected [true] but found [false]
at FirstDemo.test3(FirstDemo.java:18)
at java.base/java.util.ArrayList.forEach(ArrayList.java:1511)
... Removed 33 stack frames]]>
    </failure>
  </testcase> <!-- test3 -->
  <testcase classname="SecondDemo" name="test4" time="0.001">
    <failure type="java.lang.AssertionError" message="expected [true] but found [false]">
      <![CDATA[java.lang.AssertionError: expected [true] but found [false]
at SecondDemo.test4(SecondDemo.java:9)
at java.base/java.util.ArrayList.forEach(ArrayList.java:1511)
... Removed 33 stack frames]]>
    </failure>
  </testcase> <!-- test4 -->
  <testcase classname="SecondDemo" name="test5" time="0.002">
    <failure type="java.lang.AssertionError" message="expected [true] but found [false]">
      <![CDATA[java.lang.AssertionError: expected [true] but found [false]
at SecondDemo.test5(SecondDemo.java:14)
at java.base/java.util.ArrayList.forEach(ArrayList.java:1511)
... Removed 33 stack frames]]>
    </failure>
  </testcase> <!-- test5 -->
  <testcase classname="SecondDemo" name="test6" time="0.002"/>
</testsuite> <!-- Test -->
