<?xml version="1.0" encoding="UTF-8"?>
<testng-results ignored="0" total="1" passed="1" failed="0" skipped="0">
  <reporter-output>
  </reporter-output>
  <suite started-at="2021-12-16T11:54:25 IST" name="Default suite" finished-at="2021-12-16T11:54:49 IST" duration-ms="24066">
    <groups>
    </groups>
    <test started-at="2021-12-16T11:54:25 IST" name="Default test" finished-at="2021-12-16T11:54:49 IST" duration-ms="24066">
      <class name="BrokenLinks">
        <test-method signature="ValidateLinks()[pri:0, instance:BrokenLinks@66d3eec0]" started-at="2021-12-16T11:54:25 IST" name="ValidateLinks" finished-at="2021-12-16T11:54:49 IST" duration-ms="24002" status="PASS">
          <reporter-output>
          </reporter-output>
        </test-method> <!-- ValidateLinks -->
      </class> <!-- BrokenLinks -->
    </test> <!-- Default test -->
  </suite> <!-- Default suite -->
</testng-results>
